<html>
<head>
<title>TestNG:  JagdPantherTests</title>
<link href="../testng.css" rel="stylesheet" type="text/css" />
<link href="../my-testng.css" rel="stylesheet" type="text/css" />

<style type="text/css">
.log { display: none;} 
.stack-trace { display: none;} 
</style>
<script type="text/javascript">
<!--
function flip(e) {
  current = e.style.display;
  if (current == 'block') {
    e.style.display = 'none';
    return 0;
  }
  else {
    e.style.display = 'block';
    return 1;
  }
}

function toggleBox(szDivId, elem, msg1, msg2)
{
  var res = -1;  if (document.getElementById) {
    res = flip(document.getElementById(szDivId));
  }
  else if (document.all) {
    // this is the way old msie versions work
    res = flip(document.all[szDivId]);
  }
  if(elem) {
    if(res == 0) elem.innerHTML = msg1; else elem.innerHTML = msg2;
  }

}

function toggleAllBoxes() {
  if (document.getElementsByTagName) {
    d = document.getElementsByTagName('div');
    for (i = 0; i < d.length; i++) {
      if (d[i].className == 'log') {
        flip(d[i]);
      }
    }
  }
}

// -->
</script>

</head>
<body>
<h2 align='center'>JagdPantherTests</h2><table border='1' align="center">
<tr>
<td>Tests passed/Failed/Skipped:</td><td>7/2/0</td>
</tr><tr>
<td>Started on:</td><td>Mon Feb 09 15:18:14 BOT 2015</td>
</tr>
<tr><td>Total time:</td><td>47 seconds (47883 ms)</td>
</tr><tr>
<td>Included groups:</td><td></td>
</tr><tr>
<td>Excluded groups:</td><td></td>
</tr>
</table><p/>
<small><i>(Hover the method name to see the test class name)</i></small><p/>
<table width='100%' border='1' class='invocation-failed'>
<tr><td colspan='4' align='center'><b>FAILED TESTS</b></td></tr>
<tr><td><b>Test method</b></td>
<td width="30%"><b>Exception</b></td>
<td width="10%"><b>Time (seconds)</b></td>
<td><b>Instance</b></td>
</tr>
<tr>
<td title='tests.VerifyProgramEdition.verifyAProgramIsEdited()'><b>verifyAProgramIsEdited</b><br>Test class: tests.VerifyProgramEdition<br>Parameters: ProgramName2A, ProgramTitle2, ProgramDescription2</td>
<td><div><pre>java.lang.AssertionError: expected [ProgramTitle2] but found [null]
	at tests.VerifyProgramEdition.verifyAProgramIsEdited(VerifyProgramEdition.java:63)
... Removed 29 stack frames</pre></div><a href='#' onClick='toggleBox("stack-trace999230073", this, "Click to show all stack frames", "Click to hide stack frames")'>Click to show all stack frames</a>
<div class='stack-trace' id='stack-trace999230073'><pre>java.lang.AssertionError: expected [ProgramTitle2] but found [null]
	at org.testng.Assert.fail(Assert.java:94)
	at org.testng.Assert.failNotEquals(Assert.java:494)
	at org.testng.Assert.assertEquals(Assert.java:123)
	at org.testng.Assert.assertEquals(Assert.java:176)
	at org.testng.Assert.assertEquals(Assert.java:186)
	at tests.VerifyProgramEdition.verifyAProgramIsEdited(VerifyProgramEdition.java:63)
	at sun.reflect.NativeMethodAccessorImpl.invoke0(Native Method)
	at sun.reflect.NativeMethodAccessorImpl.invoke(Unknown Source)
	at sun.reflect.DelegatingMethodAccessorImpl.invoke(Unknown Source)
	at java.lang.reflect.Method.invoke(Unknown Source)
	at org.testng.internal.MethodInvocationHelper.invokeMethod(MethodInvocationHelper.java:84)
	at org.testng.internal.Invoker.invokeMethod(Invoker.java:714)
	at org.testng.internal.Invoker.invokeTestMethod(Invoker.java:901)
	at org.testng.internal.Invoker.invokeTestMethods(Invoker.java:1231)
	at org.testng.internal.TestMethodWorker.invokeTestMethods(TestMethodWorker.java:127)
	at org.testng.internal.TestMethodWorker.run(TestMethodWorker.java:111)
	at org.testng.TestRunner.privateRun(TestRunner.java:767)
	at org.testng.TestRunner.run(TestRunner.java:617)
	at org.testng.SuiteRunner.runTest(SuiteRunner.java:334)
	at org.testng.SuiteRunner.runSequentially(SuiteRunner.java:329)
	at org.testng.SuiteRunner.privateRun(SuiteRunner.java:291)
	at org.testng.SuiteRunner.run(SuiteRunner.java:240)
	at org.testng.SuiteRunnerWorker.runSuite(SuiteRunnerWorker.java:52)
	at org.testng.SuiteRunnerWorker.run(SuiteRunnerWorker.java:86)
	at org.testng.TestNG.runSuitesSequentially(TestNG.java:1224)
	at org.testng.TestNG.runSuitesLocally(TestNG.java:1149)
	at org.testng.TestNG.run(TestNG.java:1057)
	at org.testng.remote.RemoteTestNG.run(RemoteTestNG.java:111)
	at org.testng.remote.RemoteTestNG.initAndRun(RemoteTestNG.java:204)
	at org.testng.remote.RemoteTestNG.main(RemoteTestNG.java:175)
</pre></div></td>
<td>6</td>
<td>tests.VerifyProgramEdition@27f674d</td></tr>
<tr>
<td title='tests.VerifyProgramEdition.verifyAProgramIsEdited()'><b>verifyAProgramIsEdited</b><br>Test class: tests.VerifyProgramEdition<br>Parameters: ProgramName3A, ProgramTitle3, ProgramDescription3</td>
<td><div><pre>java.lang.AssertionError: expected [ProgramTitle3] but found [null]
	at tests.VerifyProgramEdition.verifyAProgramIsEdited(VerifyProgramEdition.java:63)
... Removed 29 stack frames</pre></div><a href='#' onClick='toggleBox("stack-trace1611373863", this, "Click to show all stack frames", "Click to hide stack frames")'>Click to show all stack frames</a>
<div class='stack-trace' id='stack-trace1611373863'><pre>java.lang.AssertionError: expected [ProgramTitle3] but found [null]
	at org.testng.Assert.fail(Assert.java:94)
	at org.testng.Assert.failNotEquals(Assert.java:494)
	at org.testng.Assert.assertEquals(Assert.java:123)
	at org.testng.Assert.assertEquals(Assert.java:176)
	at org.testng.Assert.assertEquals(Assert.java:186)
	at tests.VerifyProgramEdition.verifyAProgramIsEdited(VerifyProgramEdition.java:63)
	at sun.reflect.NativeMethodAccessorImpl.invoke0(Native Method)
	at sun.reflect.NativeMethodAccessorImpl.invoke(Unknown Source)
	at sun.reflect.DelegatingMethodAccessorImpl.invoke(Unknown Source)
	at java.lang.reflect.Method.invoke(Unknown Source)
	at org.testng.internal.MethodInvocationHelper.invokeMethod(MethodInvocationHelper.java:84)
	at org.testng.internal.Invoker.invokeMethod(Invoker.java:714)
	at org.testng.internal.Invoker.invokeTestMethod(Invoker.java:901)
	at org.testng.internal.Invoker.invokeTestMethods(Invoker.java:1231)
	at org.testng.internal.TestMethodWorker.invokeTestMethods(TestMethodWorker.java:127)
	at org.testng.internal.TestMethodWorker.run(TestMethodWorker.java:111)
	at org.testng.TestRunner.privateRun(TestRunner.java:767)
	at org.testng.TestRunner.run(TestRunner.java:617)
	at org.testng.SuiteRunner.runTest(SuiteRunner.java:334)
	at org.testng.SuiteRunner.runSequentially(SuiteRunner.java:329)
	at org.testng.SuiteRunner.privateRun(SuiteRunner.java:291)
	at org.testng.SuiteRunner.run(SuiteRunner.java:240)
	at org.testng.SuiteRunnerWorker.runSuite(SuiteRunnerWorker.java:52)
	at org.testng.SuiteRunnerWorker.run(SuiteRunnerWorker.java:86)
	at org.testng.TestNG.runSuitesSequentially(TestNG.java:1224)
	at org.testng.TestNG.runSuitesLocally(TestNG.java:1149)
	at org.testng.TestNG.run(TestNG.java:1057)
	at org.testng.remote.RemoteTestNG.run(RemoteTestNG.java:111)
	at org.testng.remote.RemoteTestNG.initAndRun(RemoteTestNG.java:204)
	at org.testng.remote.RemoteTestNG.main(RemoteTestNG.java:175)
</pre></div></td>
<td>5</td>
<td>tests.VerifyProgramEdition@27f674d</td></tr>
</table><p>
<table width='100%' border='1' class='invocation-passed'>
<tr><td colspan='4' align='center'><b>PASSED TESTS</b></td></tr>
<tr><td><b>Test method</b></td>
<td width="30%"><b>Exception</b></td>
<td width="10%"><b>Time (seconds)</b></td>
<td><b>Instance</b></td>
</tr>
<tr>
<td title='tests.VerifyProgramCreation.verifyANewProgramIsCreated()'><b>verifyANewProgramIsCreated</b><br>Test class: tests.VerifyProgramCreation<br>Parameters: ProgramName2A, ProgramTitle2, ProgramDescription2</td>
<td></td>
<td>3</td>
<td>tests.VerifyProgramCreation@3f0ee7cb</td></tr>
<tr>
<td title='tests.VerifyProgramCreation.verifyANewProgramIsCreated()'><b>verifyANewProgramIsCreated</b><br>Test class: tests.VerifyProgramCreation<br>Parameters: ProgramName3A, ProgramTitle3, ProgramDescription3</td>
<td></td>
<td>5</td>
<td>tests.VerifyProgramCreation@3f0ee7cb</td></tr>
<tr>
<td title='tests.VerifyStageCreation.verifyNewStageIsCreated()'><b>verifyNewStageIsCreated</b><br>Test class: tests.VerifyStageCreation<br>Parameters: Name1, Title1, Description1</td>
<td></td>
<td>4</td>
<td>tests.VerifyStageCreation@1d251891</td></tr>
<tr>
<td title='tests.VerifyStageCreation.verifyNewStageIsCreated()'><b>verifyNewStageIsCreated</b><br>Test class: tests.VerifyStageCreation<br>Parameters: Name2, Title2, Description2</td>
<td></td>
<td>4</td>
<td>tests.VerifyStageCreation@1d251891</td></tr>
<tr>
<td title='tests.VerifyStageCreation.verifyNewStageIsCreated()'><b>verifyNewStageIsCreated</b><br>Test class: tests.VerifyStageCreation<br>Parameters: Name3, Title3, Description3</td>
<td></td>
<td>4</td>
<td>tests.VerifyStageCreation@1d251891</td></tr>
<tr>
<td title='tests.VerifyUserCreation.verifyNewUserIsCreated()'><b>verifyNewUserIsCreated</b><br>Test class: tests.VerifyUserCreation<br>Parameters: 98764554, Carlos, Guevara, csdom@comp.com</td>
<td></td>
<td>4</td>
<td>tests.VerifyUserCreation@4c203ea1</td></tr>
<tr>
<td title='tests.VerifyUserCreation.verifyNewUserIsCreated()'><b>verifyNewUserIsCreated</b><br>Test class: tests.VerifyUserCreation<br>Parameters: 98464531, Eliana, Naviaj, csafdom@coafmp.com</td>
<td></td>
<td>4</td>
<td>tests.VerifyUserCreation@4c203ea1</td></tr>
</table><p>
</body>
</html>