<?xml version="1.0" encoding="UTF-8"?>
<!-- Generated by org.testng.reporters.JUnitXMLReporter -->
<testsuite hostname="VDQADEV01-G67N6" name="JagdPantherTests" tests="9" failures="2" timestamp="9 Feb 2015 19:19:02 GMT" time="47.883" errors="0">
  <testcase name="verifyANewProgramIsCreated" time="3.422" classname="tests.VerifyProgramCreation"/>
  <testcase name="verifyANewProgramIsCreated" time="5.526" classname="tests.VerifyProgramCreation"/>
  <testcase name="verifyAProgramIsEdited" time="6.585" classname="tests.VerifyProgramEdition">
    <failure type="java.lang.AssertionError" message="expected [ProgramTitle2] but found [null]">
      <![CDATA[java.lang.AssertionError: expected [ProgramTitle2] but found [null]
	at tests.VerifyProgramEdition.verifyAProgramIsEdited(VerifyProgramEdition.java:63)
... Removed 29 stack frames]]>
    </failure>
  </testcase> <!-- verifyAProgramIsEdited -->
  <testcase name="verifyAProgramIsEdited" time="5.805" classname="tests.VerifyProgramEdition">
    <failure type="java.lang.AssertionError" message="expected [ProgramTitle3] but found [null]">
      <![CDATA[java.lang.AssertionError: expected [ProgramTitle3] but found [null]
	at tests.VerifyProgramEdition.verifyAProgramIsEdited(VerifyProgramEdition.java:63)
... Removed 29 stack frames]]>
    </failure>
  </testcase> <!-- verifyAProgramIsEdited -->
  <testcase name="verifyNewStageIsCreated" time="4.205" classname="tests.VerifyStageCreation"/>
  <testcase name="verifyNewStageIsCreated" time="4.277" classname="tests.VerifyStageCreation"/>
  <testcase name="verifyNewStageIsCreated" time="4.464" classname="tests.VerifyStageCreation"/>
  <testcase name="verifyNewUserIsCreated" time="4.394" classname="tests.VerifyUserCreation"/>
  <testcase name="verifyNewUserIsCreated" time="4.327" classname="tests.VerifyUserCreation"/>
</testsuite> <!-- JagdPantherTests -->
